[    0.000000] Linux version 4.15.0-91-generic (buildd@lgw01-amd64-013) (gcc version 7.4.0 (Ubuntu 7.4.0-1ubuntu1~18.04.1)) #92-Ubuntu SMP Fri Feb 28 11:09:48 UTC 2020 (Ubuntu 4.15.0-91.92-generic 4.15.18)
[    0.000000] Command line: BOOT_IMAGE=/boot/vmlinuz-4.15.0-91-generic root=LABEL=cloudimg-rootfs ro console=tty1 console=ttyS0
[    0.000000] KERNEL supported cpus:
[    0.000000]   Intel GenuineIntel
[    0.000000]   AMD AuthenticAMD
[    0.000000]   Centaur CentaurHauls
[    0.000000] x86/fpu: Supporting XSAVE feature 0x001: 'x87 floating point registers'
[    0.000000] x86/fpu: Supporting XSAVE feature 0x002: 'SSE registers'
[    0.000000] x86/fpu: Supporting XSAVE feature 0x004: 'AVX registers'
[    0.000000] x86/fpu: xstate_offset[2]:  576, xstate_sizes[2]:  256
[    0.000000] x86/fpu: Enabled xstate features 0x7, context size is 832 bytes, using 'standard' format.
[    0.000000] e820: BIOS-provided physical RAM map:
[    0.000000] BIOS-e820: [mem 0x0000000000000000-0x000000000009fbff] usable
[    0.000000] BIOS-e820: [mem 0x000000000009fc00-0x000000000009ffff] reserved
[    0.000000] BIOS-e820: [mem 0x00000000000f0000-0x00000000000fffff] reserved
[    0.000000] BIOS-e820: [mem 0x0000000000100000-0x00000000dffeffff] usable
[    0.000000] BIOS-e820: [mem 0x00000000dfff0000-0x00000000dfffffff] ACPI data
[    0.000000] BIOS-e820: [mem 0x00000000fec00000-0x00000000fec00fff] reserved
[    0.000000] BIOS-e820: [mem 0x00000000fee00000-0x00000000fee00fff] reserved
[    0.000000] BIOS-e820: [mem 0x00000000fffc0000-0x00000000ffffffff] reserved
[    0.000000] BIOS-e820: [mem 0x0000000100000000-0x000000011fffffff] usable
[    0.000000] NX (Execute Disable) protection: active
[    0.000000] SMBIOS 2.5 present.
[    0.000000] DMI: innotek GmbH VirtualBox/VirtualBox, BIOS VirtualBox 12/01/2006
[    0.000000] Hypervisor detected: KVM
[    0.000000] e820: last_pfn = 0x120000 max_arch_pfn = 0x400000000
[    0.000000] MTRR: Disabled
[    0.000000] x86/PAT: MTRRs disabled, skipping PAT initialization too.
[    0.000000] CPU MTRRs all blank - virtualized system.
[    0.000000] x86/PAT: Configuration [0-7]: WB  WT  UC- UC  WB  WT  UC- UC  
[    0.000000] e820: last_pfn = 0xdfff0 max_arch_pfn = 0x400000000
[    0.000000] found SMP MP-table at [mem 0x0009fff0-0x0009ffff]
[    0.000000] Scanning 1 areas for low memory corruption
[    0.000000] RAMDISK: [mem 0x35a6b000-0x36d2cfff]
[    0.000000] ACPI: Early table checksum verification disabled
[    0.000000] ACPI: RSDP 0x00000000000E0000 000024 (v02 VBOX  )
[    0.000000] ACPI: XSDT 0x00000000DFFF0030 00003C (v01 VBOX   VBOXXSDT 00000001 ASL  00000061)
[    0.000000] ACPI: FACP 0x00000000DFFF00F0 0000F4 (v04 VBOX   VBOXFACP 00000001 ASL  00000061)
[    0.000000] ACPI: DSDT 0x00000000DFFF0470 002325 (v02 VBOX   VBOXBIOS 00000002 INTL 20100528)
[    0.000000] ACPI: FACS 0x00000000DFFF0200 000040
[    0.000000] ACPI: FACS 0x00000000DFFF0200 000040
[    0.000000] ACPI: APIC 0x00000000DFFF0240 000054 (v02 VBOX   VBOXAPIC 00000001 ASL  00000061)
[    0.000000] ACPI: SSDT 0x00000000DFFF02A0 0001CC (v01 VBOX   VBOXCPUT 00000002 INTL 20100528)
[    0.000000] No NUMA configuration found
[    0.000000] Faking a node at [mem 0x0000000000000000-0x000000011fffffff]
[    0.000000] NODE_DATA(0) allocated [mem 0x11ffd1000-0x11fffbfff]
[    0.000000] kvm-clock: cpu 0, msr 1:1ff50001, primary cpu clock
[    0.000000] kvm-clock: Using msrs 4b564d01 and 4b564d00
[    0.000000] kvm-clock: using sched offset of 3535728248 cycles
[    0.000000] clocksource: kvm-clock: mask: 0xffffffffffffffff max_cycles: 0x1cd42e4dffb, max_idle_ns: 881590591483 ns
[    0.000000] Zone ranges:
[    0.000000]   DMA      [mem 0x0000000000001000-0x0000000000ffffff]
[    0.000000]   DMA32    [mem 0x0000000001000000-0x00000000ffffffff]
[    0.000000]   Normal   [mem 0x0000000100000000-0x000000011fffffff]
[    0.000000]   Device   empty
[    0.000000] Movable zone start for each node
[    0.000000] Early memory node ranges
[    0.000000]   node   0: [mem 0x0000000000001000-0x000000000009efff]
[    0.000000]   node   0: [mem 0x0000000000100000-0x00000000dffeffff]
[    0.000000]   node   0: [mem 0x0000000100000000-0x000000011fffffff]
[    0.000000] Reserved but unavailable: 98 pages
[    0.000000] Initmem setup node 0 [mem 0x0000000000001000-0x000000011fffffff]
[    0.000000] ACPI: PM-Timer IO Port: 0x4008
[    0.000000] IOAPIC[0]: apic_id 1, version 32, address 0xfec00000, GSI 0-23
[    0.000000] ACPI: INT_SRC_OVR (bus 0 bus_irq 0 global_irq 2 dfl dfl)
[    0.000000] ACPI: INT_SRC_OVR (bus 0 bus_irq 9 global_irq 9 low level)
[    0.000000] Using ACPI (MADT) for SMP configuration information
[    0.000000] smpboot: Allowing 1 CPUs, 0 hotplug CPUs
[    0.000000] PM: Registered nosave memory: [mem 0x00000000-0x00000fff]
[    0.000000] PM: Registered nosave memory: [mem 0x0009f000-0x0009ffff]
[    0.000000] PM: Registered nosave memory: [mem 0x000a0000-0x000effff]
[    0.000000] PM: Registered nosave memory: [mem 0x000f0000-0x000fffff]
[    0.000000] PM: Registered nosave memory: [mem 0xdfff0000-0xdfffffff]
[    0.000000] PM: Registered nosave memory: [mem 0xe0000000-0xfebfffff]
[    0.000000] PM: Registered nosave memory: [mem 0xfec00000-0xfec00fff]
[    0.000000] PM: Registered nosave memory: [mem 0xfec01000-0xfedfffff]
[    0.000000] PM: Registered nosave memory: [mem 0xfee00000-0xfee00fff]
[    0.000000] PM: Registered nosave memory: [mem 0xfee01000-0xfffbffff]
[    0.000000] PM: Registered nosave memory: [mem 0xfffc0000-0xffffffff]
[    0.000000] e820: [mem 0xe0000000-0xfebfffff] available for PCI devices
[    0.000000] Booting paravirtualized kernel on KVM
[    0.000000] clocksource: refined-jiffies: mask: 0xffffffff max_cycles: 0xffffffff, max_idle_ns: 7645519600211568 ns
[    0.000000] random: get_random_bytes called from start_kernel+0x99/0x4fd with crng_init=0
[    0.000000] setup_percpu: NR_CPUS:8192 nr_cpumask_bits:1 nr_cpu_ids:1 nr_node_ids:1
[    0.000000] percpu: Embedded 45 pages/cpu s147456 r8192 d28672 u2097152
[    0.000000] PV qspinlock hash table entries: 256 (order: 0, 4096 bytes)
[    0.000000] Built 1 zonelists, mobility grouping on.  Total pages: 1032057
[    0.000000] Policy zone: Normal
[    0.000000] Kernel command line: BOOT_IMAGE=/boot/vmlinuz-4.15.0-91-generic root=LABEL=cloudimg-rootfs ro console=tty1 console=ttyS0
[    0.000000] Memory: 4013848K/4193848K available (12300K kernel code, 2481K rwdata, 4264K rodata, 2432K init, 2712K bss, 180000K reserved, 0K cma-reserved)
[    0.000000] SLUB: HWalign=64, Order=0-3, MinObjects=0, CPUs=1, Nodes=1
[    0.000000] Kernel/User page tables isolation: enabled
[    0.000000] ftrace: allocating 39347 entries in 154 pages
[    0.004000] Hierarchical RCU implementation.
[    0.004000] 	RCU restricting CPUs from NR_CPUS=8192 to nr_cpu_ids=1.
[    0.004000] 	Tasks RCU enabled.
[    0.004000] RCU: Adjusting geometry for rcu_fanout_leaf=16, nr_cpu_ids=1
[    0.004000] NR_IRQS: 524544, nr_irqs: 256, preallocated irqs: 16
[    0.004000] Console: colour VGA+ 80x25
[    0.004000] console [tty1] enabled
[    0.004000] console [ttyS0] enabled
[    0.004000] ACPI: Core revision 20170831
[    0.004000] ACPI: 2 ACPI AML tables successfully acquired and loaded
[    0.004000] APIC: Switch to symmetric I/O mode setup
[    0.004000] x2apic enabled
[    0.004000] Switched APIC routing to physical x2apic.
[    0.004000] ..TIMER: vector=0x30 apic1=0 pin1=2 apic2=-1 pin2=-1
[    0.004002] tsc: Detected 2904.000 MHz processor
[    0.004841] Calibrating delay loop (skipped) preset value.. 5808.00 BogoMIPS (lpj=11616000)
[    0.005485] pid_max: default: 32768 minimum: 301
[    0.006334] Security Framework initialized
[    0.008002] Yama: becoming mindful.
[    0.008665] AppArmor: AppArmor initialized
[    0.014362] Dentry cache hash table entries: 524288 (order: 10, 4194304 bytes)
[    0.020000] Inode-cache hash table entries: 262144 (order: 9, 2097152 bytes)
[    0.020012] Mount-cache hash table entries: 8192 (order: 4, 65536 bytes)
[    0.024007] Mountpoint-cache hash table entries: 8192 (order: 4, 65536 bytes)
[    0.025448] process: using mwait in idle threads
[    0.026296] Last level iTLB entries: 4KB 128, 2MB 8, 4MB 8
[    0.027272] Last level dTLB entries: 4KB 64, 2MB 0, 4MB 0, 1GB 4
[    0.028001] Spectre V1 : Mitigation: usercopy/swapgs barriers and __user pointer sanitization
[    0.029538] Spectre V2 : Mitigation: Full generic retpoline
[    0.030531] Spectre V2 : Spectre v2 / SpectreRSB mitigation: Filling RSB on context switch
[    0.032001] Speculative Store Bypass: Vulnerable
[    0.032857] MDS: Mitigation: Clear CPU buffers
[    0.040501] Freeing SMP alternatives memory: 36K
[    0.151151] smpboot: CPU0: Intel(R) Core(TM) i5-9400 CPU @ 2.90GHz (family: 0x6, model: 0x9e, stepping: 0xa)
[    0.152000] Performance Events: unsupported p6 CPU model 158 no PMU driver, software events only.
[    0.152000] Hierarchical SRCU implementation.
[    0.152437] NMI watchdog: Perf event create on CPU 0 failed with -2
[    0.153542] NMI watchdog: Perf NMI watchdog permanently disabled
[    0.154619] smp: Bringing up secondary CPUs ...
[    0.155437] smp: Brought up 1 node, 1 CPU
[    0.156001] smpboot: Max logical packages: 1
[    0.156782] smpboot: Total of 1 processors activated (5808.00 BogoMIPS)
[    0.158037] devtmpfs: initialized
[    0.158691] x86/mm: Memory block size: 128MB
[    0.163097] evm: security.selinux
[    0.163721] evm: security.SMACK64
[    0.164002] evm: security.SMACK64EXEC
[    0.164675] evm: security.SMACK64TRANSMUTE
[    0.165416] evm: security.SMACK64MMAP
[    0.166084] evm: security.apparmor
[    0.166709] evm: security.ima
[    0.167264] evm: security.capability
[    0.168068] clocksource: jiffies: mask: 0xffffffff max_cycles: 0xffffffff, max_idle_ns: 7645041785100000 ns
[    0.170247] futex hash table entries: 256 (order: 2, 16384 bytes)
[    0.171314] pinctrl core: initialized pinctrl subsystem
[    0.172068] RTC time: 15:28:20, date: 04/04/20
[    0.173156] NET: Registered protocol family 16
[    0.174114] audit: initializing netlink subsys (disabled)
[    0.175120] cpuidle: using governor ladder
[    0.176001] cpuidle: using governor menu
[    0.176720] ACPI: bus type PCI registered
[    0.177598] acpiphp: ACPI Hot Plug PCI Controller Driver version: 0.5
[    0.179281] PCI: Using configuration type 1 for base access
[    0.180018] audit: type=2000 audit(1586014105.395:1): state=initialized audit_enabled=0 res=1
[    0.182154] HugeTLB registered 2.00 MiB page size, pre-allocated 0 pages
[    0.184103] ACPI: Added _OSI(Module Device)
[    0.184846] ACPI: Added _OSI(Processor Device)
[    0.185625] ACPI: Added _OSI(3.0 _SCP Extensions)
[    0.186462] ACPI: Added _OSI(Processor Aggregator Device)
[    0.187394] ACPI: Added _OSI(Linux-Dell-Video)
[    0.188006] ACPI: Added _OSI(Linux-Lenovo-NV-HDMI-Audio)
[    0.188927] ACPI: Added _OSI(Linux-HPI-Hybrid-Graphics)
[    0.190157] ACPI: Executed 1 blocks of module-level executable AML code
[    0.193818] ACPI: Interpreter enabled
[    0.194830] ACPI: (supports S0 S5)
[    0.195640] ACPI: Using IOAPIC for interrupt routing
[    0.196153] PCI: Using host bridge windows from ACPI; if necessary, use "pci=nocrs" and report a bug
[    0.197966] ACPI: Enabled 2 GPEs in block 00 to 07
[    0.204488] ACPI: PCI Root Bridge [PCI0] (domain 0000 [bus 00-ff])
[    0.205957] acpi PNP0A03:00: _OSC: OS supports [ASPM ClockPM Segments MSI]
[    0.208000] acpi PNP0A03:00: _OSC: not requesting OS control; OS requires [ExtendedConfig ASPM ClockPM MSI]
[    0.208008] acpi PNP0A03:00: fail to add MMCONFIG information, can't access extended PCI configuration space under this bridge.
[    0.212170] PCI host bridge to bus 0000:00
[    0.212923] pci_bus 0000:00: root bus resource [io  0x0000-0x0cf7 window]
[    0.214118] pci_bus 0000:00: root bus resource [io  0x0d00-0xffff window]
[    0.215310] pci_bus 0000:00: root bus resource [mem 0x000a0000-0x000bffff window]
[    0.216002] pci_bus 0000:00: root bus resource [mem 0xe0000000-0xfdffffff window]
[    0.217340] pci_bus 0000:00: root bus resource [bus 00-ff]
[    0.221445] pci 0000:00:01.1: legacy IDE quirk: reg 0x10: [io  0x01f0-0x01f7]
[    0.223116] pci 0000:00:01.1: legacy IDE quirk: reg 0x14: [io  0x03f6]
[    0.224002] pci 0000:00:01.1: legacy IDE quirk: reg 0x18: [io  0x0170-0x0177]
[    0.225260] pci 0000:00:01.1: legacy IDE quirk: reg 0x1c: [io  0x0376]
[    0.253918] pci 0000:00:07.0: quirk: [io  0x4000-0x403f] claimed by PIIX4 ACPI
[    0.255633] pci 0000:00:07.0: quirk: [io  0x4100-0x410f] claimed by PIIX4 SMB
[    0.273575] ACPI: PCI Interrupt Link [LNKA] (IRQs 5 9 10 *11)
[    0.275348] ACPI: PCI Interrupt Link [LNKB] (IRQs 5 9 *10 11)
[    0.276108] ACPI: PCI Interrupt Link [LNKC] (IRQs 5 *9 10 11)
[    0.277228] ACPI: PCI Interrupt Link [LNKD] (IRQs 5 9 10 *11)
[    0.278456] SCSI subsystem initialized
[    0.279215] pci 0000:00:02.0: vgaarb: setting as boot VGA device
[    0.280000] pci 0000:00:02.0: vgaarb: VGA device added: decodes=io+mem,owns=io+mem,locks=none
[    0.280002] pci 0000:00:02.0: vgaarb: bridge control possible
[    0.281016] vgaarb: loaded
[    0.281544] ACPI: bus type USB registered
[    0.284013] usbcore: registered new interface driver usbfs
[    0.284989] usbcore: registered new interface driver hub
[    0.285946] usbcore: registered new device driver usb
[    0.286875] EDAC MC: Ver: 3.0.0
[    0.288264] PCI: Using ACPI for IRQ routing
[    0.289309] NetLabel: Initializing
[    0.289943] NetLabel:  domain hash size = 128
[    0.290725] NetLabel:  protocols = UNLABELED CIPSOv4 CALIPSO
[    0.291732] NetLabel:  unlabeled traffic allowed by default
[    0.292063] clocksource: Switched to clocksource kvm-clock
[    0.307798] VFS: Disk quotas dquot_6.6.0
[    0.309167] VFS: Dquot-cache hash table entries: 512 (order 0, 4096 bytes)
[    0.310434] AppArmor: AppArmor Filesystem Enabled
[    0.311293] pnp: PnP ACPI init
[    0.312924] pnp: PnP ACPI: found 3 devices
[    0.322813] clocksource: acpi_pm: mask: 0xffffff max_cycles: 0xffffff, max_idle_ns: 2085701024 ns
[    0.324788] NET: Registered protocol family 2
[    0.325677] TCP established hash table entries: 32768 (order: 6, 262144 bytes)
[    0.327006] TCP bind hash table entries: 32768 (order: 7, 524288 bytes)
[    0.328188] TCP: Hash tables configured (established 32768 bind 32768)
[    0.329376] UDP hash table entries: 2048 (order: 4, 65536 bytes)
[    0.330443] UDP-Lite hash table entries: 2048 (order: 4, 65536 bytes)
[    0.331596] NET: Registered protocol family 1
[    0.332433] pci 0000:00:00.0: Limiting direct PCI/PCI transfers
[    0.333510] pci 0000:00:01.0: Activating ISA DMA hang workarounds
[    0.334643] pci 0000:00:02.0: Video device with shadowed ROM at [mem 0x000c0000-0x000dffff]
[    0.336428] Unpacking initramfs...
[    0.620520] Freeing initrd memory: 19208K
[    0.622584] PCI-DMA: Using software bounce buffering for IO (SWIOTLB)
[    0.623733] software IO TLB: mapped [mem 0xdbff0000-0xdfff0000] (64MB)
[    0.624953] clocksource: tsc: mask: 0xffffffffffffffff max_cycles: 0x29dc05e54fc, max_idle_ns: 440795291716 ns
[    0.626761] platform rtc_cmos: registered platform RTC device (no PNP device found)
[    0.628154] Scanning for low memory corruption every 60 seconds
[    0.630024] Initialise system trusted keyrings
[    0.630854] Key type blacklist registered
[    0.631618] workingset: timestamp_bits=36 max_order=20 bucket_order=0
[    0.633436] zbud: loaded
[    0.634249] squashfs: version 4.0 (2009/01/31) Phillip Lougher
[    0.635382] fuse init (API version 7.26)
[    0.638689] Key type asymmetric registered
[    0.639487] Asymmetric key parser 'x509' registered
[    0.640428] Block layer SCSI generic (bsg) driver version 0.4 loaded (major 246)
[    0.641794] io scheduler noop registered
[    0.642532] io scheduler deadline registered
[    0.643334] io scheduler cfq registered (default)
[    0.644459] ACPI: AC Adapter [AC] (on-line)
[    0.645289] input: Power Button as /devices/LNXSYSTM:00/LNXPWRBN:00/input/input0
[    0.646651] ACPI: Power Button [PWRF]
[    0.647398] input: Sleep Button as /devices/LNXSYSTM:00/LNXSLPBN:00/input/input1
[    0.648752] ACPI: Sleep Button [SLPF]
[    0.649605] Serial: 8250/16550 driver, 32 ports, IRQ sharing enabled
[    0.671518] 00:02: ttyS0 at I/O 0xf8 (irq = 4, base_baud = 115200) is a 16550A
    0.673839] Linux agpgart interface v0.103
    0.675247] loop: module loaded
    0.676193] scsi host0: ata_piix
[    0.676849] scsi hos1: ata_piix
[    0.677477] ata1: PATA max UDMA/33 cmd 0x1f0 tl 0x3f6 bmdma 0xd000 irq 14
[    0.678682] ata2: PATA mx UDMA/33 cmd 0x170 ctl 0x376 bmdma 0xd008 irq 15
[    0.680156] libphy: Fixed MDIO Bus: probed
[    0.680913] tun: Universal TUN/TAP device driver, 1.6
[    0.682044] PPP generic driver version 2.4.2
[    0.682840] ehci_hcd: USB 2.0 'Enhanced' Host Controller (EHCI) Driver
[    0.683990] ehci-pci: EHCI PCI platform driver
[    0.684841] ehci-platform: EHCI generic platform driver
[    0.685789] ohci_hcd: USB 1.1 'Open' Host Controller (OHCI) Driver
[    0.686882] ohci-pci: OHCI PCI platform driver
[    0.687690] ohci-platform: OHCI generic platform driver
[    0.688646] uhci_hcd: USB Universal Host Controller Interface driver
[    0.689798] i8042: PNP: PS/2 Controller [PNP0303:PS2K,PNP0f03:PS2M] at 0x60,0x64 irq 1,12
[    0.691608] serio: i8042 KBD port at 0x60,0x64 irq 1
[    0.692540] serio: i8042 AUX port at 0x60,0x64 irq 12
[    0.693489] mousedev: PS/2 mouse device common for all mice
[    0.694651] input: AT Translated Set 2 keyboard as /devices/platform/i8042/serio0/input/input2
[    0.696525] rtc_cmos rtc_cmos: rtc core: registered rtc_cmos as rtc0
[    0.697684] rtc_cmos rtc_cmos: alarms up to one day, 114 bytes nvram
[    0.698803] i2c /dev entries driver
[    0.699478] device-mapper: uevent: version 1.0.3
[    0.700374] device-mapper: ioctl: 4.37.0-ioctl (2017-09-20) initialised: dm-devel@redhat.com
[    0.701883] ledtrig-cpu: registered to indicate activity on CPUs
[    0.703028] intel_pmc_core:  initialized
[    0.704330] NET: Registered protocol family 10
[    0.709667] Segment Routing with IPv6
[    0.710424] NET: Registered protocol family 17
[    0.711258] Key type dns_resolver registered
[    0.712094] mce: Using 0 MCE banks
[    0.712756] RAS: Correctable Errors collector initialized.
[    0.713741] sched_clock: Marking stable (712743107, 0)->(1048761663, -336018556)
[    0.715133] registered taskstats version 1
[    0.715895] Loading compiled-in X.509 certificates
[    0.718078] Loaded X.509 cert 'Build time autogenerated kernel key: d019e8c5f4cbc828f6af43369f65a014a3a68371'
[    0.719850] zswap: loaded using pool lzo/zbud
[    0.722390] Key type big_key registered
[    0.723137] Key type trusted registered
[    0.724727] Key type encrypted registered
[    0.725498] AppArmor: AppArmor sha1 policy hashing enabled
[    0.726471] ima: No TPM chip found, activating TPM-bypass! (rc=-19)
[    0.727570] ima: Allocated hash algorithm: sha1
[    0.728443] evm: HMAC attrs: 0x1
[    0.729321]   Magic number: 0:803:486
[    0.730049] rtc_cmos rtc_cmos: setting system clock to 2020-04-04 15:28:20 UTC (1586014100)
[    0.731560] BIOS EDD facility v0.16 2004-Jun-25, 0 devices found
[    0.732660] EDD information not available.
[    0.865045] Freeing unused kernel image memory: 2432K
[    0.872705] Write protecting the kernel read-only data: 20480k
[    0.875153] Freeing unused kernel image memory: 2008K
[    0.876889] Freeing unused kernel image memory: 1880K
[    0.882964] x86/mm: Checked W+X mappings: passed, no W+X pages found.
[    0.884782] x86/mm: Checking user space page tables
[    0.890518] x86/mm: Checked W+X mappings: passed, no W+X pages found.
Loading, please wait...
starting version 237
[    0.975581] e1000: Intel(R) PRO/1000 Network Driver - version 7.3.21-k8-NAPI
[    0.977213] e1000: Copyright (c) 1999-2006 Intel Corporation.
[    0.981014] Fusion MPT base driver 3.04.20
[    0.982085] Copyright (c) 1999-2008 LSI Corporation
[    0.993553] Fusion MPT SPI Host driver 3.04.20
[    1.004704] AVX2 version of gcm_enc/dec engaged.
[    1.005687] AES CTR mode by8 optimization enabled
[    1.196870] input: ImExPS/2 Generic Explorer Mouse as /devices/platform/i8042/serio1/input/input4
[    1.384686] e1000 0000:00:03.0 eth0: (PCI:33MHz:32-bit) 02:85:4f:0b:ef:e7
[    1.386777] e1000 0000:00:03.0 eth0: Intel(R) PRO/1000 Network Connection
[    1.388602] mptbase: ioc0: Initiating bringup
[    1.484947] ioc0: LSI53C1030 A0: Capabilities={Initiator}
[    1.726515] scsi host2: ioc0: LSI53C1030 A0, FwRev=00000000h, Ports=1, MaxQ=256, IRQ=20
[    1.892475] scsi 2:0:0:0: Direct-Access     VBOX     HARDDISK         1.0  PQ: 0 ANSI: 5
[    1.894494] scsi target2:0:0: Beginning Domain Validation
[    1.897627] scsi target2:0:0: Domain Validation skipping write tests
[    1.898798] scsi target2:0:0: Ending Domain Validation
[    1.899765] random: fast init done
[    1.900650] scsi target2:0:0: asynchronous
[    1.901682] scsi 2:0:1:0: Direct-Access     VBOX     HARDDISK         1.0  PQ: 0 ANSI: 5
[    1.903158] scsi target2:0:1: Beginning Domain Validation
[    1.904804] scsi target2:0:1: Domain Validation skipping write tests
[    1.905943] scsi target2:0:1: Ending Domain Validation
[    1.906939] scsi target2:0:1: asynchronous
[    1.910602] random: systemd-udevd: uninitialized urandom read (16 bytes read)
[    1.912052] random: systemd-udevd: uninitialized urandom read (16 bytes read)
[    1.913327] random: systemd-udevd: uninitialized urandom read (16 bytes read)
[    1.914747] sd 2:0:0:0: Attached scsi generic sg0 type 0
[    1.915781] sd 2:0:0:0: [sda] 20971520 512-byte logical blocks: (10.7 GB/10.0 GiB)
[    1.917264] sd 2:0:0:0: [sda] Write Protect is off
[    1.918330] sd 2:0:0:0: [sda] Incomplete mode parameter data
[    1.919346] sd 2:0:0:0: [sda] Assuming drive cache: write through
[    1.920716] sd 2:0:1:0: Attached scsi generic sg1 type 0
[    1.921730] sd 2:0:1:0: [sdb] 20480 512-byte logical blocks: (10.5 MB/10.0 MiB)
[    1.923045] sd 2:0:1:0: [sdb] Write Protect is off
[    1.924328] sd 2:0:1:0: [sdb] Incomplete mode parameter data
[    1.925567] sd 2:0:1:0: [sdb] Assuming drive cache: write through
[    1.927616]  sda: sda1
[    1.928793] sd 2:0:1:0: [sdb] Attached SCSI disk
[    1.930390] sd 2:0:0:0: [sda] Attached SCSI disk
[    2.289464] e1000 0000:00:08.0 eth1: (PCI:33MHz:32-bit) 08:00:27:9f:28:db
[    2.290968] e1000 0000:00:08.0 eth1: Intel(R) PRO/1000 Network Connection
[    2.292905] e1000 0000:00:08.0 enp0s8: renamed from eth1
[    2.295164] e1000 0000:00:03.0 enp0s3: renamed from eth0
Begin: Loading essential drivers ... [    3.626430] raid6: sse2x1   gen() 15677 MB/s
[    3.682446] raid6: sse2x1   xor() 10909 MB/s
[    3.736133] raid6: sse2x2   gen() 16912 MB/s
[    3.784297] raid6: sse2x2   xor() 11180 MB/s
[    3.840903] raid6: sse2x4   gen() 19320 MB/s
[    3.891009] raid6: sse2x4   xor() 12259 MB/s
[    3.949214] raid6: avx2x1   gen() 30529 MB/s
[    3.998221] raid6: avx2x1   xor() 18713 MB/s
[    4.050686] raid6: avx2x2   gen() 31659 MB/s
[    4.110691] raid6: avx2x2   xor() 24064 MB/s
[    4.160704] raid6: avx2x4   gen() 37013 MB/s
[    4.220706] raid6: avx2x4   xor() 26312 MB/s
[    4.221659] raid6: using algorithm avx2x4 gen() 37013 MB/s
[    4.222727] raid6: .... xor() 26312 MB/s, rmw enabled
[    4.223596] raid6: using avx2x2 recovery algorithm
[    4.225819] xor: automatically using best checksumming function   avx       
[    4.228000] async_tx: api initialized (async)
done.
Begin: Running /scripts/init-premount ... done.
Begin: Mounting root file system ... Begin: Running /scripts/local-top ... done.
Begin: Running /scripts/local-premount ... [    4.270410] Btrfs loaded, crc32c=crc32c-intel
Scanning for Btrfs filesystems
done.
Warning: fsck not present, so skipping root file system
[    4.287209] EXT4-fs (sda1): mounted filesystem with ordered data mode. Opts: (null)
done.
Begin: Running /scripts/local-bottom ... done.
Begin: Running /scripts/init-bottom ... done.
[    4.384419] ip_tables: (C) 2000-2006 Netfilter Core Team
[    4.388793] systemd[1]: systemd 237 running in system mode. (+PAM +AUDIT +SELINUX +IMA +APPARMOR +SMACK +SYSVINIT +UTMP +LIBCRYPTSETUP +GCRYPT +GNUTLS +ACL +XZ +LZ4 +SECCOMP +BLKID +ELFUTILS +KMOD -IDN2 +IDN -PCRE2 default-hierarchy=hybrid)
[    4.392723] systemd[1]: Detected virtualization oracle.
[    4.393668] systemd[1]: Detected architecture x86-64.

Welcome to [1mUbuntu 18.04.4 LTS[0m!

[    4.404507] systemd[1]: Set hostname to <ubuntu>.
[    4.407443] systemd[1]: Initializing machine ID from random generator.
[    4.408717] systemd[1]: Installed transient /etc/machine-id file.
[    4.559718] systemd[1]: Created slice User and Session Slice.
[[0;32m  OK  [0m] Created slice User and Session Slice.
[    4.564909] systemd[1]: Set up automount Arbitrary Executable File Formats File System Automount Point.
[[0;32m  OK  [0m] Set up automount Arbitrary Executab…rmats File System Automount Point.
[    4.568065] systemd[1]: Reached target System Time Synchronized.
[[0;32m  OK  [0m] Reached target System Time Synchronized.
[    4.570301] systemd[1]: Created slice System Slice.
[[0;32m  OK  [0m] Created slice System Slice.
[[0;32m  OK  [0m] Listening on /dev/initctl Compatibility Named Pipe.
[[0;32m  OK  [0m] Listening on LVM2 metadata daemon socket.
[[0;32m  OK  [0m] Listening on Journal Audit Socket.
[[0;32m  OK  [0m] Listening on udev Kernel Socket.
[[0;32m  OK  [0m] Listening on Journal Socket (/dev/log).
[[0;32m  OK  [0m] Listening on Journal Socket.
         Mounting Kernel Debug File System...
         Mounting Huge Pages File System...
         Starting Uncomplicated firewall...
[[0;32m  OK  [0m] Started Forward Password Requests to Wall Directory Watch.
[[0;32m  OK  [0m] Listening on Network Service Netlink Socket.
         Starting Create list of required st…ce nodes for the current kernel...
         Starting Remount Root and Kernel File Systems...
[[0;32m  OK  [0m] Reached target Slices.
[[0;32m  OK  [0m] Reached target User and Group Name Lookups.
[[0;32m  OK  [0m] Listening on udev Control Socket.
         Starting Set the console keyboard layout...
[[0;32m  OK  [0m] Listening on LVM2 poll daemon socket.
         Starting Load Kernel Modules...
[    4.624106] EXT4-fs (sda1): re-mounted. Opts: (null)
         Mounting POSIX Message Queue File System...
[    4.639336] Loading iSCSI transport class v2.0-870.
[[0;32m  OK  [0m] Created slice system-serial\x2dgetty.slice.
[[0;32m  OK  [0m] Listening on Device-mapper event daemon FIFOs.
         Starting Monitoring of LVM2 mirrors…ng dmeventd or progress polling...
[    4.648434] iscsi: registered transport (tcp)
[[0;32m  OK  [0m] Listening on Syslog Socket.
         Starting Journal Service...
         Starting udev Coldplug all Devices...
[[0;32m  OK  [0m] Reached target Swap.
[[0;32m  OK  [0m] Mounted Kernel Debug File System.
[[0;32m  OK  [0m] Mounted Huge Pages File System.
[[0;32m  OK  [0m] Started Uncomplicated firewall.
[[0;32m  OK  [0m] Started Create list of required sta…vice nodes for the current kernel.
[[0;32m  OK  [0m] Started Remount Root and Kernel File Systems.
[[0;32m  OK  [0m] Mounted POSIX Message Queue File System.
[[0;32m  OK  [0m] Started LVM2 metadata daemon.
[    4.726546] iscsi: registered transport (iser)
         Starting Load/Save Random Seed...
         Starting Create Static Device Nodes in /dev...
[[0;32m  OK  [0m] Started Journal Service.
[[0;32m  OK  [0m] Started Load Kernel Modules.
[[0;32m  OK  [0m] Started Monitoring of LVM2 mirrors,…sing dmeventd or progress polling.
[[0;32m  OK  [0m] Started Load/Save Random Seed.
[[0;32m  OK  [0m] Started Create Static Device Nodes in /dev.
         Starting udev Kernel Device Manager...
         Starting Apply Kernel Variables...
         Mounting FUSE Control File System...
         Mounting Kernel Configuration File System...
         Starting Flush Journal to Persistent Storage...
[[0;32m  OK  [0m] Started udev Kernel Device Manager.
[[0;32m  OK  [0m] Started Apply Kernel Variables.
[[0;32m  OK  [0m] Mounted FUSE Control File System.
[[0;32m  OK  [0m] Started Set the console keyboard layout.
[[0;32m  OK  [0m] Started udev Coldplug all Devices.
[[0;32m  OK  [0m] Mounted Kernel Configuration File System.
[[0;32m  OK  [0m] Reached target Local File Systems (Pre).
[[0;32m  OK  [0m] Reached target Local File Systems.
         Starting Commit a transient machine-id on disk...
         Starting Set console font and keymap...
         Starting ebtables ruleset management...
         Starting AppArmor initialization...
         Starting Tell Plymouth To Write Out Runtime Data...
[[0;32m  OK  [0m] Started Dispatch Password Requests to Console Directory Watch.
[[0;32m  OK  [0m] Reached target Local Encrypted Volumes.
[[0;32m  OK  [0m] Started Commit a transient machine-id on disk.
[[0;32m  OK  [0m] Started Set console font and keymap.
[[0;32m  OK  [0m] Started Tell Plymouth To Write Out Runtime Data.
[[0;32m  OK  [0m] Started Flush Journal to Persistent Storage.
         Starting Create Volatile Files and Directories...
[[0;32m  OK  [0m] Started Create Volatile Files and Directories.
[[0;32m  OK  [0m] Started ebtables ruleset management.
         Starting Update UTMP about System Boot/Shutdown...
[[0;32m  OK  [0m] Started Update UTMP about System Boot/Shutdown.
[[0;32m  OK  [0m] Found device /dev/ttyS0.
[[0;32m  OK  [0m] Listening on Load/Save RF Kill Switch Status /dev/rfkill Watch.
[[0;32m  OK  [0m] Started AppArmor initialization.
         Starting Initial cloud-init job (pre-networking)...
[    6.653581] cloud-init[547]: Cloud-init v. 19.4-33-gbb4131a2-0ubuntu1~18.04.1 running 'init-local' at Sat, 04 Apr 2020 15:28:26 +0000. Up 6.40 seconds.
[[0;32m  OK  [0m] Started Initial cloud-init job (pre-networking).
[[0;32m  OK  [0m] Reached target Network (Pre).
         Starting Network Service...
[[0;32m  OK  [0m] Started Network Service.
         Starting Network Name Resolution...
         Starting Wait for Network to be Configured...
[[0;32m  OK  [0m] Started Network Name Resolution.
[[0;32m  OK  [0m] Reached target Network.
[[0;32m  OK  [0m] Reached target Host and Network Name Lookups.
[[0;32m  OK  [0m] Started Wait for Network to be Configured.
         Starting Initial cloud-init job (metadata service crawler)...
[    9.034150] cloud-init[659]: Cloud-init v. 19.4-33-gbb4131a2-0ubuntu1~18.04.1 running 'init' at Sat, 04 Apr 2020 15:28:28 +0000. Up 8.94 seconds.
[    9.035304] cloud-init[659]: ci-info: ++++++++++++++++++++++++++++++++++++++Net device info+++++++++++++++++++++++++++++++++++++++
[    9.036463] cloud-init[659]: ci-info: +--------+-------+----------------------------+---------------+--------+-------------------+
[    9.038205] cloud-init[659]: ci-info: | Device |   Up  |          Address           |      Mask     | Scope  |     Hw-Address    |
[    9.041428] cloud-init[659]: ci-info: +--------+-------+----------------------------+---------------+--------+-------------------+
[    9.043951] cloud-init[659]: ci-info: | enp0s3 |  True |         10.0.2.15          | 255.255.255.0 | global | 02:85:4f:0b:ef:e7 |
[    9.045815] cloud-init[659]: ci-info: | enp0s3 |  True | fe80::85:4fff:fe0b:efe7/64 |       .       |  link  | 02:85:4f:0b:ef:e7 |
[    9.047890] cloud-init[659]: ci-info: | enp0s8 | False |             .              |       .       |   .    | 08:00:27:9f:28:db |
[    9.052678] cloud-init[659]: ci-info: |   lo   |  True |         127.0.0.1          |   255.0.0.0   |  host  |         .         |
[    9.058297] cloud-init[659]: ci-info: |   lo   |  True |          ::1/128           |       .       |  host  |         .         |
[    9.063950] cloud-init[659]: ci-info: +--------+-------+----------------------------+---------------+--------+-------------------+
[    9.076129] cloud-init[659]: ci-info: ++++++++++++++++++++++++++++Route IPv4 info+++++++++++++++++++++++++++++
[    9.088285] cloud-init[659]: ci-info: +-------+-------------+----------+-----------------+-----------+-------+
[    9.100169] cloud-init[659]: ci-info: | Route | Destination | Gateway  |     Genmask     | Interface | Flags |
[    9.112172] cloud-init[659]: ci-info: +-------+-------------+----------+-----------------+-----------+-------+
[    9.113757] cloud-init[659]: ci-info: |   0   |   0.0.0.0   | 10.0.2.2 |     0.0.0.0     |   enp0s3  |   UG  |
[    9.115900] cloud-init[659]: ci-info: |   1   |   10.0.2.0  | 0.0.0.0  |  255.255.255.0  |   enp0s3  |   U   |
[    9.118248] cloud-init[659]: ci-info: |   2   |   10.0.2.2  | 0.0.0.0  | 255.255.255.255 |   enp0s3  |   UH  |
[    9.119972] cloud-init[659]: ci-info: +-------+-------------+----------+-----------------+-----------+-------+
[    9.132922] cloud-init[659]: ci-info: +++++++++++++++++++Route IPv6 info+++++++++++++++++++
[    9.133688] cloud-init[659]: ci-info: +-------+-------------+---------+-----------+-------+
[    9.134313] cloud-init[659]: ci-info: | Route | Destination | Gateway | Interface | Flags |
[    9.135715] cloud-init[659]: ci-info: +-------+-------------+---------+-----------+-------+
[    9.137786] cloud-init[659]: ci-info: |   1   |  fe80::/64  |    ::   |   enp0s3  |   U   |
[    9.150283] cloud-init[659]: ci-info: |   3   |    local    |    ::   |   enp0s3  |   U   |
[    9.160256] cloud-init[659]: ci-info: |   4   |   ff00::/8  |    ::   |   enp0s3  |   U   |
[    9.161652] cloud-init[659]: ci-info: +-------+-------------+---------+-----------+-------+
[    9.498874] cloud-init[659]: Generating public/private rsa key pair.
[    9.508717] cloud-init[659]: Your identification has been saved in /etc/ssh/ssh_host_rsa_key.
[    9.525507] cloud-init[659]: Your public key has been saved in /etc/ssh/ssh_host_rsa_key.pub.
[[0;32m  OK  [0m] Started Initial cloud-init job (metadata service crawler).
[[0;32m  OK  [0m] Reached target Cloud-config availability.
[[0;32m  OK  [0m] Reached target System Initialization.
[    9.539759] cloud-init[659]: The key fingerprint is:
[    9.542142]          Starting LXD - unix socket.
[[0;32m  OK  [0m] Listening on Open-iSCSI iscsid Socket.
[[0;32m  OK  [0m] Started Message of the Day.
[[0;32m  OK  [0m] Started Daily apt download activities.
cloud-init[659]: SHA256:QnT7rqJRNmjfWbJ62Hu3HQ97nvxaelb3YCKCVCroUVw root@ubuntu-bionic
[[0;32m  OK  [0m] Listening on UUID daemon activation socket.
         Starting Socket activation for snappy daemon.
[    9.554363] cloud-init[659]: The key's randomart image is:
[    9.555123] cloud-init[659]: +---[RSA 2048]----+
[[0;32m  OK  [0m] Listening on ACPID Listen Socket.
[[0;32m  OK  [0m] Started Daily Cleanup of Temporary Directories.
[[0;32m  OK  [0m] Listening on D-Bus System Message Bus Socket.
[[0;32m  OK  [0m] Started ACPI Events Check.
[[0;32m  OK  [0m] Reached target Paths.
[[0;32m  OK  [0m] Started Discard unused blocks once a week.
[[0;32m  OK  [0m] Started Daily apt upgrade and clean activities.
[[0;32m  OK  [0m[    9.564331] cloud-init[659]: |   . .E .        |
[    9.565149] cloud-init[659]: |    o. ...       |
[    9.565958] cloud-init[659]: |   o  .o.        |
[    9.566765] cloud-init[659]: |  o .oo  .       |
[    9.567572] cloud-init[659]: ] Reached target Timers.
[[0;32m  OK  [0m] Reached target Network is Online.
         Starting Availability of block devices...
[[0;32m  OK  [0m] Reached target Remote File Systems (Pre).
[[0;32m  OK  [0m] Reached target Remote File Systems.
[[0;32m  OK  [0m] Listening on LXD - unix socket.
[[0;32m  OK  [0m] Listening on Socket activation for snappy daemon.
[[0;32m  OK  [0m] Reached target Sockets.| . .oo=.S o      |
[    9.578386] cloud-init[659]: |  .. +.+.*. . o o|
[    9.579206] cloud-init[659]: |    . .o+... oo.=|
[    9.580033] 
[[0;32m  OK  [0m] Reached target Basic System.
         Starting Virtualbox guest utils...
cloud-init[659]: |     .o.o.. ...B*|
         Starting System Logging Service...
         Starting LSB: automatic crash report generation...
[[0;32m  OK  [0m] Started FUSE filesystem for LXC.
[    9.589569] cloud-init[[0;32m  OK  [0m] Started Deferred execution scheduler.[659]: |    ...ooo ...=O=|

[    9.612412] cloud-init[659]: +----[SHA256]-----+
[    9.613180] cloud-init[659]: Generating public/private dsa key pair.
[    9.616292] cloud-init[659]: Your identification has been saved in /etc/ssh/ssh_host_dsa_key.
[    9.618171] cloud-init[659]: Your public key has been saved in /etc/ssh/ssh_host_dsa_key.pub.
[    9.624169] cloud-init[659]: The key fingerprint is:
[    9.624932] cloud-init[659]: SHA256:OoTkJm1lURIal0gn0TZ55rjtxKxCVxc0XHNvoU6hIy0 root@ubuntu-bionic
         Starting Snappy daemon...
[    9.639600] cloud-init[659]: The key's randomart image is:
[    9.641160] cloud-init[659]: +---[DSA 1024]----+
[    9.652346] cloud-init[659]: |   .=+*=.oo.o... |
[    9.652894] cloud-init[659]: |    .**oo +..oo..|
[    9.664355] cloud-init[659]: |    o.o* E = o  o|
[    9.666204] cloud-init[659]: |   + +. o + +  . |
[    9.668201] cloud-init[659]: |  . * .*S.   .   |
[    9.669978] cloud-init[659]: |   +..o.=        |
[    9.672368] cloud-init[659]: |   . .o+         |
[    9.676009] cloud-init[659]: |    . ...        |
[    9.678117] cloud-init[659]: |     .           |
[    9.681002] cloud-init[659]: +----[SHA256]-----+
[    9.684763] cloud-init[659]: Generating public/private ecdsa key pair.
[    9.688519] cloud-init[659]: Your identification has been saved in /etc/ssh/ssh_host_ecdsa_key.
[    9.693218] cloud-init[659]: Your public key has been saved in /etc/ssh/ssh_host_ecdsa_key.pub.
[    9.694544] cloud-init[659]: The key fingerprint is:
[[    9.715017] cloud-init[659]: SHA256:0zKIiG1vESgd33KYXFnu6DfAqCeWrmCbyfn5VDyaaBs root@ubuntu-bionic
[    9.715290] cloud-init[659]: The key's randomart image is:
[    9.715472] cloud-init[659]: +---[ECDSA 256]---+
[    9.715616] cloud-init[659]: |  .   .o.        |
[    9.715704] cloud-init[659]: | . = =..         |
[    9.715839] cloud-init[659]: |. o B o .        |
[0;32m  OK  [0m] Started irqbalance daemon.
         Starting Login Service...
         Starting Permit User Sessions...
[    9.727344] cloud-init[659]: | + . B.+ .       |
         Starting Pollinate to seed the pseudo random number generator...
         Starting LSB: Record successful boot for GRUB...
         Starting Accounts Service...
[[0;32m  OK  [0m] Started D-Bus System Message Bus.
[    9.768020] cloud-init[659]: |. + + =+S .      |
[    9.807171] cloud-init[659]: | . +.o+..+       |
[    9.808353] cloud-init[659]: |..=E++. o        |
[    9.809541] cloud-init[659]: |+o*+=  . .       |
[    9.810887] cloud-init[659]: |.Bo+..           |
[    9.823315] cloud-init[659]: +----[SHA256]-----+
[    9.824655] cloud-init[659]: Generating public/private ed25519 key pair.
[    9.827283] cloud-init[659]: Your identification has been saved in /etc/ssh/ssh_host_ed25519_key.[[0;32m  OK  [0m] Started Login Service.
[[0;32m  OK  [0m] Started Unattended Upgrades Shutdown.

[    9.848521] cloud-init[659]: Your public key has been saved in /etc/ssh/ssh_host_ed25519_key.pub.
[    9.850007] cloud-init[659]: The key fingerprint is:
[    9.850637] cloud-init[659]: SHA256:k4XEVkO83CFhFVSGqqasa8CF9tyVlXcerQB6n38eHAs root@ubuntu-bionic
[    9.853780] cloud-init[659]: The key's randomart image is:
[    9.854829] cloud-init[659]: +--[ED25519 256]--+
[    9.856942] cloud-init[659]: |       ..+B*++o. |
[    9.858407] cloud-init[659]: |       .o+=.=.o .|
[    9.860915] cloud-init[659]: |   .   .o+o* = o |
[    9.862079] cloud-init[659]: |  o .   o++...o  |
[    9.862678] cloud-init[659]: | o + . .S.  oE . |
         Starting Dispatcher daemon for systemd-networkd...
[[0;32m  OK  [0m] Started Regular background program processing daemon.
         Starting LXD - container startup/shutdown...
[[0;32m  OK  [0m] Started System Logging Service.
[[0;32m  OK  [0m] Started Availability of block devices.
[[0;32m  OK  [0m] Started Permit User Sessions.
[    9.890079] cloud-init[659]: |  o o . o.   .o o|
         [    9.944231] cloud-init[659]: |   . . o      .+.|
[    9.944518] cloud-init[659]: |    . o        o.|
[    9.945155] cloud-init[659]: |   .oo          .|
[    9.945298] cloud-init[659]: +----[SHA256]-----+
Starting Terminate Plymouth Boot Screen...
         Starting Hold until boot process finishes up...
[[0;32m  OK  [0m] Started Hold until boot process finishes up.
[[0;32m  OK  [0m] Started Terminate Plymouth Boot Screen.
         Starting Authorization Manager...
         Starting Set console scheme...
[[0;32m  OK  [0m] Started Serial Getty on ttyS0.
[[0;32m  OK  [0m] Started LSB: automatic crash report generation.
[[0;32m  OK  [0m] Started Set console scheme.
[[0;32m  OK  [0m] Started LSB: Record successful boot for GRUB.
[[0;32m  OK  [0m] Created slice system-getty.slice.
[[0;32m  OK  [0m] Started Getty on tty1.
[[0;32m  OK  [0m] Reached target Login Prompts.
[[0;32m  OK  [0m] Started Authorization Manager.
[[0;32m  OK  [0m] Started Accounts Service.
[[0;32m  OK  [0m] Started LXD - container startup/shutdown.
[[0;32m  OK  [0m] Started Snappy daemon.
         Starting Wait until snapd is fully seeded...
[[0;32m  OK  [0m] Started Virtualbox guest utils.
[[0;32m  OK  [0m] Started Dispatcher daemon for systemd-networkd.
[[0;32m  OK  [0m] Started Pollinate to seed the pseudo random number generator.
         Starting OpenBSD Secure Shell server...
[[0;32m  OK  [0m] Started OpenBSD Secure Shell server.
[[0;32m  OK  [0m] Created slice User Slice of vagrant.
         Starting User Manager for UID 1000...
[[0;32m  OK  [0m] Started Session 1 of user vagrant.
[[0;32m  OK  [0m] Started User Manager for UID 1000.
[[0;32m  OK  [0m] Started Session 3 of user vagrant.

Ubuntu 18.04.4 LTS ubuntu-bionic ttyS0

ubuntu-bionic login: [   17.422348] cloud-init[1714]: Cloud-init v. 19.4-33-gbb4131a2-0ubuntu1~18.04.1 running 'modules:config' at Sat, 04 Apr 2020 15:28:36 +0000. Up 17.18 seconds.
ci-info: no authorized SSH keys fingerprints found for user ubuntu.
<14>Apr  4 15:28:37 ec2: 
<14>Apr  4 15:28:37 ec2: #############################################################
<14>Apr  4 15:28:37 ec2: -----BEGIN SSH HOST KEY FINGERPRINTS-----
<14>Apr  4 15:28:37 ec2: 1024 SHA256:OoTkJm1lURIal0gn0TZ55rjtxKxCVxc0XHNvoU6hIy0 root@ubuntu-bionic (DSA)
<14>Apr  4 15:28:37 ec2: 256 SHA256:0zKIiG1vESgd33KYXFnu6DfAqCeWrmCbyfn5VDyaaBs root@ubuntu-bionic (ECDSA)
<14>Apr  4 15:28:37 ec2: 256 SHA256:k4XEVkO83CFhFVSGqqasa8CF9tyVlXcerQB6n38eHAs root@ubuntu-bionic (ED25519)
<14>Apr  4 15:28:37 ec2: 2048 SHA256:QnT7rqJRNmjfWbJ62Hu3HQ97nvxaelb3YCKCVCroUVw root@ubuntu-bionic (RSA)
<14>Apr  4 15:28:37 ec2: -----END SSH HOST KEY FINGERPRINTS-----
<14>Apr  4 15:28:37 ec2: #############################################################
-----BEGIN SSH HOST KEY KEYS-----
ecdsa-sha2-nistp256 AAAAE2VjZHNhLXNoYTItbmlzdHAyNTYAAAAIbmlzdHAyNTYAAABBBM8aovBn9pEnPRC7WCmFFCb2bwGTXtPiKocyT6pe57cOjA1BT37Xb+HAEXtTdJTETHn4V88Vs+qaHGIZ3A5X2Wk= root@ubuntu-bionic
ssh-ed25519 AAAAC3NzaC1lZDI1NTE5AAAAIOYWEELoTXbXFXouh67fdl0Pfov5UbjBajNLRwiNhQw+ root@ubuntu-bionic
ssh-rsa AAAAB3NzaC1yc2EAAAADAQABAAABAQDawjgb0iYotejCcZxL0xQLM0jAuoZeuvLTwehNPSDl1jvREbTnJ6F22ov71fTF4vmcMsttae52SpGESJTnywoUsHZqcJ5OlIfU+FClcLmrgXjbAU2/+G57IpStt7da5eeOo09OuUJApJHPqOWYp2fow0JxI5tgUV1E1uBe/BMx3iN+ZVizkLnt6SZQ8y6hDfCiy2XhodCalo/SeM/FJBMF1DmWaKtVSnGzRHC1G0RslvtSFpOqk2i+tl77/O0vj2oeQ36WuVPvsG8+/8h5xiinHmw52AEmsgl+ksf4Lz/4D4Y+38VtiHPfkvAqGdRGGjf+GzxcImWSlr+TXuIlT8qP root@ubuntu-bionic
-----END SSH HOST KEY KEYS-----
[   17.885496] cloud-init[1767]: Cloud-init v. 19.4-33-gbb4131a2-0ubuntu1~18.04.1 running 'modules:final' at Sat, 04 Apr 2020 15:28:37 +0000. Up 17.78 seconds.
[   17.885705] cloud-init[1767]: ci-info: no authorized SSH keys fingerprints found for user ubuntu.
[   17.885841] cloud-init[1767]: Cloud-init v. 19.4-33-gbb4131a2-0ubuntu1~18.04.1 finished at Sat, 04 Apr 2020 15:28:37 +0000. Datasource DataSourceNoCloud [seed=/dev/sdb][dsmode=net].  Up 17.88 seconds
